Pig Stack Trace
---------------
ERROR 1025: 
<file explore_gdelt.pig, line 76, column 20> Invalid field projection. Projected field [NumArticle] does not exist in schema: GLOBALEVENTID:long,SQLDATE:long,MonthYear:long,Year:int,FractionDate:float,Actor1Code:chararray,Actor1Name:chararray,Actor1CountryCode:chararray,Actor1KnownGroupCode:chararray,Actor1EthnicCode:chararray,Actor1Religion1Code:chararray,Actor1Religion2Code:chararray,Actor1Type1Code:chararray,Actor1Type2Code:chararray,Actor1Type3Code:chararray,Actor2Code:chararray,Actor2Name:chararray,Actor2CountryCode:chararray,Actor2KnownGroupCode:chararray,Actor2EthnicCode:chararray,Actor2Religion1Code:chararray,Actor2Religion2Code:chararray,Actor2Type1Code:chararray,Actor2Type2Code:chararray,Actor2Type3Code:chararray,IsRootEvent:int,EventCode:int,EventBaseCode:int,EventRootCode:int,QuadClass:int,GoldsteinScale:float,NumMentions:int,NumSources:int,NumArticles:int,AvgTone:float,Actor1Geo_Type:int,Actor1Geo_FullName:chararray,Actor1Geo_CountryCode:chararray,Actor1Geo_ADM1Code:chararray,Actor1Geo_Lat:float,Actor1Geo_Long:float,Actor1Geo_FeatureID:chararray,Actor2Geo_Type:int,Actor2Geo_FullName:chararray,Actor2Geo_CountryCode:chararray,Actor2Geo_ADM1Code:chararray,Actor2Geo_Lat:float,Actor2Geo_Long:float,Actor2Geo_FeatureID:chararray,ActionGeo_Type:int,ActionGeo_FullName:chararray,ActionGeo_CountryCode:chararray,ActionGeo_ADM1Code:chararray,ActionGeo_Lat:float,ActionGeo_Long:float,ActionGeo_FeatureID:chararray,DATEADDED:long,SOURCEURL:chararray.

org.apache.pig.impl.plan.PlanValidationException: ERROR 1025: 
<file explore_gdelt.pig, line 76, column 20> Invalid field projection. Projected field [NumArticle] does not exist in schema: GLOBALEVENTID:long,SQLDATE:long,MonthYear:long,Year:int,FractionDate:float,Actor1Code:chararray,Actor1Name:chararray,Actor1CountryCode:chararray,Actor1KnownGroupCode:chararray,Actor1EthnicCode:chararray,Actor1Religion1Code:chararray,Actor1Religion2Code:chararray,Actor1Type1Code:chararray,Actor1Type2Code:chararray,Actor1Type3Code:chararray,Actor2Code:chararray,Actor2Name:chararray,Actor2CountryCode:chararray,Actor2KnownGroupCode:chararray,Actor2EthnicCode:chararray,Actor2Religion1Code:chararray,Actor2Religion2Code:chararray,Actor2Type1Code:chararray,Actor2Type2Code:chararray,Actor2Type3Code:chararray,IsRootEvent:int,EventCode:int,EventBaseCode:int,EventRootCode:int,QuadClass:int,GoldsteinScale:float,NumMentions:int,NumSources:int,NumArticles:int,AvgTone:float,Actor1Geo_Type:int,Actor1Geo_FullName:chararray,Actor1Geo_CountryCode:chararray,Actor1Geo_ADM1Code:chararray,Actor1Geo_Lat:float,Actor1Geo_Long:float,Actor1Geo_FeatureID:chararray,Actor2Geo_Type:int,Actor2Geo_FullName:chararray,Actor2Geo_CountryCode:chararray,Actor2Geo_ADM1Code:chararray,Actor2Geo_Lat:float,Actor2Geo_Long:float,Actor2Geo_FeatureID:chararray,ActionGeo_Type:int,ActionGeo_FullName:chararray,ActionGeo_CountryCode:chararray,ActionGeo_ADM1Code:chararray,ActionGeo_Lat:float,ActionGeo_Long:float,ActionGeo_FeatureID:chararray,DATEADDED:long,SOURCEURL:chararray.
	at org.apache.pig.newplan.logical.expression.ProjectExpression.findColNum(ProjectExpression.java:191)
	at org.apache.pig.newplan.logical.expression.ProjectExpression.setColumnNumberFromAlias(ProjectExpression.java:174)
	at org.apache.pig.newplan.logical.visitor.ColumnAliasConversionVisitor$1.visit(ColumnAliasConversionVisitor.java:53)
	at org.apache.pig.newplan.logical.expression.ProjectExpression.accept(ProjectExpression.java:215)
	at org.apache.pig.newplan.DependencyOrderWalker.walk(DependencyOrderWalker.java:75)
	at org.apache.pig.newplan.PlanVisitor.visit(PlanVisitor.java:52)
	at org.apache.pig.newplan.logical.optimizer.AllExpressionVisitor.visit(AllExpressionVisitor.java:142)
	at org.apache.pig.newplan.logical.relational.LOInnerLoad.accept(LOInnerLoad.java:128)
	at org.apache.pig.newplan.DependencyOrderWalker.walk(DependencyOrderWalker.java:75)
	at org.apache.pig.newplan.logical.optimizer.AllExpressionVisitor.visit(AllExpressionVisitor.java:124)
	at org.apache.pig.newplan.logical.relational.LOForEach.accept(LOForEach.java:87)
	at org.apache.pig.newplan.DependencyOrderWalker.walk(DependencyOrderWalker.java:75)
	at org.apache.pig.newplan.PlanVisitor.visit(PlanVisitor.java:52)
	at org.apache.pig.newplan.logical.relational.LogicalPlan.validate(LogicalPlan.java:175)
	at org.apache.pig.PigServer$Graph.validateQuery(PigServer.java:1792)
	at org.apache.pig.PigServer$Graph.registerQuery(PigServer.java:1764)
	at org.apache.pig.PigServer.registerQuery(PigServer.java:707)
	at org.apache.pig.tools.grunt.GruntParser.processPig(GruntParser.java:1075)
	at org.apache.pig.tools.pigscript.parser.PigScriptParser.parse(PigScriptParser.java:505)
	at org.apache.pig.tools.grunt.GruntParser.loadScript(GruntParser.java:557)
	at org.apache.pig.tools.grunt.GruntParser.processExplain(GruntParser.java:370)
	at org.apache.pig.tools.grunt.Grunt.checkScript(Grunt.java:95)
	at org.apache.pig.Main.run(Main.java:626)
	at org.apache.pig.Main.main(Main.java:176)
	at sun.reflect.NativeMethodAccessorImpl.invoke0(Native Method)
	at sun.reflect.NativeMethodAccessorImpl.invoke(NativeMethodAccessorImpl.java:57)
	at sun.reflect.DelegatingMethodAccessorImpl.invoke(DelegatingMethodAccessorImpl.java:43)
	at java.lang.reflect.Method.invoke(Method.java:606)
	at org.apache.hadoop.util.RunJar.run(RunJar.java:221)
	at org.apache.hadoop.util.RunJar.main(RunJar.java:136)
================================================================================
