Pig Stack Trace
---------------
ERROR 1200: <file explore_gdelt.pig, line 63, column 14>  Syntax error, unexpected symbol at or near 'string'

Failed to parse: <file explore_gdelt.pig, line 63, column 14>  Syntax error, unexpected symbol at or near 'string'
	at org.apache.pig.parser.QueryParserDriver.parse(QueryParserDriver.java:244)
	at org.apache.pig.parser.QueryParserDriver.parse(QueryParserDriver.java:182)
	at org.apache.pig.PigServer$Graph.validateQuery(PigServer.java:1791)
	at org.apache.pig.PigServer$Graph.registerQuery(PigServer.java:1764)
	at org.apache.pig.PigServer.registerQuery(PigServer.java:707)
	at org.apache.pig.tools.grunt.GruntParser.processPig(GruntParser.java:1075)
	at org.apache.pig.tools.pigscript.parser.PigScriptParser.parse(PigScriptParser.java:505)
	at org.apache.pig.tools.grunt.GruntParser.loadScript(GruntParser.java:557)
	at org.apache.pig.tools.grunt.GruntParser.processExplain(GruntParser.java:370)
	at org.apache.pig.tools.grunt.Grunt.checkScript(Grunt.java:95)
	at org.apache.pig.Main.run(Main.java:626)
	at org.apache.pig.Main.main(Main.java:176)
	at sun.reflect.NativeMethodAccessorImpl.invoke0(Native Method)
	at sun.reflect.NativeMethodAccessorImpl.invoke(NativeMethodAccessorImpl.java:57)
	at sun.reflect.DelegatingMethodAccessorImpl.invoke(DelegatingMethodAccessorImpl.java:43)
	at java.lang.reflect.Method.invoke(Method.java:606)
	at org.apache.hadoop.util.RunJar.run(RunJar.java:221)
	at org.apache.hadoop.util.RunJar.main(RunJar.java:136)
================================================================================
