Error before Pig is launched
----------------------------
ERROR 2997: Encountered IOException. org.apache.pig.tools.parameters.ParseException: Encountered " <OTHER> "/data01/GDELT/v1/=$V1_DATA_DIR "" at line 1, column 1.
Was expecting one of:
    <EOF> 
    <IDENTIFIER> ...
    <COMMENT> ...
    

java.io.IOException: org.apache.pig.tools.parameters.ParseException: Encountered " <OTHER> "/data01/GDELT/v1/=$V1_DATA_DIR "" at line 1, column 1.
Was expecting one of:
    <EOF> 
    <IDENTIFIER> ...
    <COMMENT> ...
    
	at org.apache.pig.impl.PigContext.doParamSubstitution(PigContext.java:408)
	at org.apache.pig.Main.runParamPreprocessor(Main.java:783)
	at org.apache.pig.Main.run(Main.java:577)
	at org.apache.pig.Main.main(Main.java:158)
	at sun.reflect.NativeMethodAccessorImpl.invoke0(Native Method)
	at sun.reflect.NativeMethodAccessorImpl.invoke(NativeMethodAccessorImpl.java:62)
	at sun.reflect.DelegatingMethodAccessorImpl.invoke(DelegatingMethodAccessorImpl.java:43)
	at java.lang.reflect.Method.invoke(Method.java:498)
	at org.apache.hadoop.util.RunJar.run(RunJar.java:221)
	at org.apache.hadoop.util.RunJar.main(RunJar.java:136)
Caused by: org.apache.pig.tools.parameters.ParseException: Encountered " <OTHER> "/data01/GDELT/v1/=$V1_DATA_DIR "" at line 1, column 1.
Was expecting one of:
    <EOF> 
    <IDENTIFIER> ...
    <COMMENT> ...
    
	at org.apache.pig.tools.parameters.ParamLoader.generateParseException(ParamLoader.java:244)
	at org.apache.pig.tools.parameters.ParamLoader.jj_consume_token(ParamLoader.java:182)
	at org.apache.pig.tools.parameters.ParamLoader.Parse(ParamLoader.java:80)
	at org.apache.pig.tools.parameters.PreprocessorContext.loadParamVal(PreprocessorContext.java:251)
	at org.apache.pig.impl.PigContext.doParamSubstitution(PigContext.java:400)
	... 9 more
================================================================================
